# JRE version: OpenJDK Runtime Environment (17.0.6) (build 17.0.6+0-b2043.56-9586694)
# Java VM: OpenJDK 64-Bit Server VM (17.0.6+0-b2043.56-9586694, mixed mode, tiered, compressed oops, compressed class ptrs, g1 gc, windows-amd64)
GC Precious Log:
 CPUs: 16 total, 16 available
 Memory: 15610M
 Large Page Support: Disabled
 NUMA Support: Disabled
 Compressed Oops: Enabled (32-bit)
 Heap Region Size: 1M
 Heap Min Capacity: 8M
 Heap Initial Capacity: 244M
 Heap Max Capacity: 2G
 Pre-touch: Disabled
 Parallel Workers: 13
 Concurrent Workers: 3
 Concurrent Refinement Workers: 13
 Periodic GC: Disabled
Heap:
 garbage-first heap   total 539648K, used 468070K [0x0000000080000000, 0x0000000100000000)
  region size 1024K, 223 young (228352K), 12 survivors (12288K)
 Metaspace       used 152094K, committed 153728K, reserved 1187840K
  class space    used 20800K, committed 21568K, reserved 1048576K
GC Heap History (20 events):
Event: 1068.013 GC heap before
{Heap before GC invocations=79 (full 0):
 garbage-first heap   total 378880K, used 208961K [0x0000000080000000, 0x0000000100000000)
  region size 1024K, 54 young (55296K), 3 survivors (3072K)
 Metaspace       used 149381K, committed 150592K, reserved 1179648K
  class space    used 20560K, committed 21120K, reserved 1048576K
}
Event: 1068.018 GC heap after
{Heap after GC invocations=80 (full 0):
 garbage-first heap   total 378880K, used 163815K [0x0000000080000000, 0x0000000100000000)
  region size 1024K, 8 young (8192K), 8 survivors (8192K)
 Metaspace       used 149381K, committed 150592K, reserved 1179648K
  class space    used 20560K, committed 21120K, reserved 1048576K
}
Event: 1965.719 GC heap before
{Heap before GC invocations=81 (full 0):
 garbage-first heap   total 378880K, used 351207K [0x0000000080000000, 0x0000000100000000)
  region size 1024K, 144 young (147456K), 8 survivors (8192K)
 Metaspace       used 149897K, committed 151232K, reserved 1179648K
  class space    used 20600K, committed 21248K, reserved 1048576K
}
Event: 1965.728 GC heap after
{Heap after GC invocations=82 (full 0):
 garbage-first heap   total 378880K, used 173841K [0x0000000080000000, 0x0000000100000000)
  region size 1024K, 18 young (18432K), 18 survivors (18432K)
 Metaspace       used 149897K, committed 151232K, reserved 1179648K
  class space    used 20600K, committed 21248K, reserved 1048576K
}
Event: 1965.738 GC heap before
{Heap before GC invocations=82 (full 0):
 garbage-first heap   total 378880K, used 174865K [0x0000000080000000, 0x0000000100000000)
  region size 1024K, 19 young (19456K), 18 survivors (18432K)
 Metaspace       used 149897K, committed 151232K, reserved 1179648K
  class space    used 20600K, committed 21248K, reserved 1048576K
}
Event: 1965.746 GC heap after
{Heap after GC invocations=83 (full 0):
 garbage-first heap   total 378880K, used 163617K [0x0000000080000000, 0x0000000100000000)
  region size 1024K, 1 young (1024K), 1 survivors (1024K)
 Metaspace       used 149897K, committed 151232K, reserved 1179648K
  class space    used 20600K, committed 21248K, reserved 1048576K
}
Event: 1965.998 GC heap before
{Heap before GC invocations=83 (full 0):
 garbage-first heap   total 378880K, used 188193K [0x0000000080000000, 0x0000000100000000)
  region size 1024K, 27 young (27648K), 1 survivors (1024K)
 Metaspace       used 149936K, committed 151296K, reserved 1179648K
  class space    used 20601K, committed 21248K, reserved 1048576K
}
Event: 1966.005 GC heap after
{Heap after GC invocations=84 (full 0):
 garbage-first heap   total 1001472K, used 164404K [0x0000000080000000, 0x0000000100000000)
  region size 1024K, 2 young (2048K), 2 survivors (2048K)
 Metaspace       used 149936K, committed 151296K, reserved 1179648K
  class space    used 20601K, committed 21248K, reserved 1048576K
}
Event: 2100.800 GC heap before
{Heap before GC invocations=85 (full 0):
 garbage-first heap   total 737280K, used 697908K [0x0000000080000000, 0x0000000100000000)
  region size 1024K, 371 young (379904K), 2 survivors (2048K)
 Metaspace       used 151246K, committed 152896K, reserved 1187840K
  class space    used 20807K, committed 21568K, reserved 1048576K
}
Event: 2100.804 GC heap after
{Heap after GC invocations=86 (full 0):
 garbage-first heap   total 737280K, used 172556K [0x0000000080000000, 0x0000000100000000)
  region size 1024K, 6 young (6144K), 6 survivors (6144K)
 Metaspace       used 151246K, committed 152896K, reserved 1187840K
  class space    used 20807K, committed 21568K, reserved 1048576K
}
Event: 2101.002 GC heap before
{Heap before GC invocations=86 (full 0):
 garbage-first heap   total 737280K, used 202252K [0x0000000080000000, 0x0000000100000000)
  region size 1024K, 36 young (36864K), 6 survivors (6144K)
 Metaspace       used 151324K, committed 153024K, reserved 1187840K
  class space    used 20807K, committed 21568K, reserved 1048576K
}
Event: 2101.010 GC heap after
{Heap after GC invocations=87 (full 0):
 garbage-first heap   total 737280K, used 151754K [0x0000000080000000, 0x0000000100000000)
  region size 1024K, 5 young (5120K), 5 survivors (5120K)
 Metaspace       used 151324K, committed 153024K, reserved 1187840K
  class space    used 20807K, committed 21568K, reserved 1048576K
}
Event: 2101.358 GC heap before
{Heap before GC invocations=87 (full 0):
 garbage-first heap   total 737280K, used 190666K [0x0000000080000000, 0x0000000100000000)
  region size 1024K, 45 young (46080K), 5 survivors (5120K)
 Metaspace       used 151403K, committed 153024K, reserved 1187840K
  class space    used 20807K, committed 21568K, reserved 1048576K
}
Event: 2101.365 GC heap after
{Heap after GC invocations=88 (full 0):
 garbage-first heap   total 737280K, used 158810K [0x0000000080000000, 0x0000000100000000)
  region size 1024K, 12 young (12288K), 12 survivors (12288K)
 Metaspace       used 151403K, committed 153024K, reserved 1187840K
  class space    used 20807K, committed 21568K, reserved 1048576K
}
Event: 3568.326 GC heap before
{Heap before GC invocations=89 (full 0):
 garbage-first heap   total 570368K, used 517210K [0x0000000080000000, 0x0000000100000000)
  region size 1024K, 262 young (268288K), 12 survivors (12288K)
 Metaspace       used 151672K, committed 153280K, reserved 1187840K
  class space    used 20796K, committed 21568K, reserved 1048576K
}
Event: 3568.333 GC heap after
{Heap after GC invocations=90 (full 0):
 garbage-first heap   total 570368K, used 162373K [0x0000000080000000, 0x0000000100000000)
  region size 1024K, 14 young (14336K), 14 survivors (14336K)
 Metaspace       used 151672K, committed 153280K, reserved 1187840K
  class space    used 20796K, committed 21568K, reserved 1048576K
}
Event: 3568.438 GC heap before
{Heap before GC invocations=90 (full 0):
 garbage-first heap   total 570368K, used 174661K [0x0000000080000000, 0x0000000100000000)
  region size 1024K, 27 young (27648K), 14 survivors (14336K)
 Metaspace       used 151716K, committed 153344K, reserved 1187840K
  class space    used 20796K, committed 21568K, reserved 1048576K
}
Event: 3568.454 GC heap after
{Heap after GC invocations=91 (full 0):
 garbage-first heap   total 570368K, used 140017K [0x0000000080000000, 0x0000000100000000)
  region size 1024K, 4 young (4096K), 4 survivors (4096K)
 Metaspace       used 151716K, committed 153344K, reserved 1187840K
  class space    used 20796K, committed 21568K, reserved 1048576K
}
Event: 3568.883 GC heap before
{Heap before GC invocations=91 (full 0):
 garbage-first heap   total 570368K, used 189169K [0x0000000080000000, 0x0000000100000000)
  region size 1024K, 54 young (55296K), 4 survivors (4096K)
 Metaspace       used 151783K, committed 153344K, reserved 1187840K
  class space    used 20798K, committed 21568K, reserved 1048576K
}
Event: 3568.889 GC heap after
{Heap after GC invocations=92 (full 0):
 garbage-first heap   total 570368K, used 147558K [0x0000000080000000, 0x0000000100000000)
  region size 1024K, 12 young (12288K), 12 survivors (12288K)
 Metaspace       used 151783K, committed 153344K, reserved 1187840K
  class space    used 20798K, committed 21568K, reserved 1048576K
}

