# JRE version: OpenJDK Runtime Environment (17.0.6) (build 17.0.6+0-b2043.56-9586694)
# Java VM: OpenJDK 64-Bit Server VM (17.0.6+0-b2043.56-9586694, mixed mode, tiered, compressed oops, compressed class ptrs, g1 gc, windows-amd64)
GC Precious Log:
 CPUs: 16 total, 16 available
 Memory: 15610M
 Large Page Support: Disabled
 NUMA Support: Disabled
 Compressed Oops: Enabled (32-bit)
 Heap Region Size: 1M
 Heap Min Capacity: 8M
 Heap Initial Capacity: 244M
 Heap Max Capacity: 2G
 Pre-touch: Disabled
 Parallel Workers: 13
 Concurrent Workers: 3
 Concurrent Refinement Workers: 13
 Periodic GC: Disabled
Heap:
 garbage-first heap   total 249856K, used 107587K [0x0000000080000000, 0x0000000100000000)
  region size 1024K, 1 young (1024K), 1 survivors (1024K)
 Metaspace       used 100291K, committed 101056K, reserved 1138688K
  class space    used 13839K, committed 14208K, reserved 1048576K
GC Heap History (20 events):
Event: 10.739 GC heap after
{Heap after GC invocations=44 (full 0):
 garbage-first heap   total 142336K, used 78323K [0x0000000080000000, 0x0000000100000000)
  region size 1024K, 4 young (4096K), 4 survivors (4096K)
 Metaspace       used 84703K, committed 85312K, reserved 1122304K
  class space    used 11490K, committed 11776K, reserved 1048576K
}
Event: 11.352 GC heap before
{Heap before GC invocations=45 (full 0):
 garbage-first heap   total 142336K, used 117235K [0x0000000080000000, 0x0000000100000000)
  region size 1024K, 42 young (43008K), 4 survivors (4096K)
 Metaspace       used 88459K, committed 89088K, reserved 1130496K
  class space    used 11996K, committed 12288K, reserved 1048576K
}
Event: 11.357 GC heap after
{Heap after GC invocations=46 (full 0):
 garbage-first heap   total 142336K, used 81618K [0x0000000080000000, 0x0000000100000000)
  region size 1024K, 6 young (6144K), 6 survivors (6144K)
 Metaspace       used 88459K, committed 89088K, reserved 1130496K
  class space    used 11996K, committed 12288K, reserved 1048576K
}
Event: 11.966 GC heap before
{Heap before GC invocations=46 (full 0):
 garbage-first heap   total 142336K, used 117458K [0x0000000080000000, 0x0000000100000000)
  region size 1024K, 41 young (41984K), 6 survivors (6144K)
 Metaspace       used 93365K, committed 94016K, reserved 1130496K
  class space    used 12726K, committed 13056K, reserved 1048576K
}
Event: 11.970 GC heap after
{Heap after GC invocations=47 (full 0):
 garbage-first heap   total 142336K, used 84329K [0x0000000080000000, 0x0000000100000000)
  region size 1024K, 3 young (3072K), 3 survivors (3072K)
 Metaspace       used 93365K, committed 94016K, reserved 1130496K
  class space    used 12726K, committed 13056K, reserved 1048576K
}
Event: 12.401 GC heap before
{Heap before GC invocations=48 (full 0):
 garbage-first heap   total 147456K, used 117097K [0x0000000080000000, 0x0000000100000000)
  region size 1024K, 35 young (35840K), 3 survivors (3072K)
 Metaspace       used 95292K, committed 96000K, reserved 1138688K
  class space    used 12981K, committed 13312K, reserved 1048576K
}
Event: 12.404 GC heap after
{Heap after GC invocations=49 (full 0):
 garbage-first heap   total 147456K, used 87542K [0x0000000080000000, 0x0000000100000000)
  region size 1024K, 5 young (5120K), 5 survivors (5120K)
 Metaspace       used 95292K, committed 96000K, reserved 1138688K
  class space    used 12981K, committed 13312K, reserved 1048576K
}
Event: 12.426 GC heap before
{Heap before GC invocations=49 (full 0):
 garbage-first heap   total 147456K, used 89590K [0x0000000080000000, 0x0000000100000000)
  region size 1024K, 7 young (7168K), 5 survivors (5120K)
 Metaspace       used 95487K, committed 96128K, reserved 1138688K
  class space    used 13005K, committed 13312K, reserved 1048576K
}
Event: 12.430 GC heap after
{Heap after GC invocations=50 (full 0):
 garbage-first heap   total 177152K, used 87983K [0x0000000080000000, 0x0000000100000000)
  region size 1024K, 1 young (1024K), 1 survivors (1024K)
 Metaspace       used 95487K, committed 96128K, reserved 1138688K
  class space    used 13005K, committed 13312K, reserved 1048576K
}
Event: 12.948 GC heap before
{Heap before GC invocations=50 (full 0):
 garbage-first heap   total 177152K, used 145327K [0x0000000080000000, 0x0000000100000000)
  region size 1024K, 57 young (58368K), 1 survivors (1024K)
 Metaspace       used 96896K, committed 97600K, reserved 1138688K
  class space    used 13198K, committed 13504K, reserved 1048576K
}
Event: 12.953 GC heap after
{Heap after GC invocations=51 (full 0):
 garbage-first heap   total 177152K, used 96041K [0x0000000080000000, 0x0000000100000000)
  region size 1024K, 8 young (8192K), 8 survivors (8192K)
 Metaspace       used 96896K, committed 97600K, reserved 1138688K
  class space    used 13198K, committed 13504K, reserved 1048576K
}
Event: 13.505 GC heap before
{Heap before GC invocations=52 (full 0):
 garbage-first heap   total 177152K, used 141097K [0x0000000080000000, 0x0000000100000000)
  region size 1024K, 53 young (54272K), 8 survivors (8192K)
 Metaspace       used 99373K, committed 100032K, reserved 1138688K
  class space    used 13776K, committed 14080K, reserved 1048576K
}
Event: 13.512 GC heap after
{Heap after GC invocations=53 (full 0):
 garbage-first heap   total 177152K, used 101873K [0x0000000080000000, 0x0000000100000000)
  region size 1024K, 6 young (6144K), 6 survivors (6144K)
 Metaspace       used 99373K, committed 100032K, reserved 1138688K
  class space    used 13776K, committed 14080K, reserved 1048576K
}
Event: 13.526 GC heap before
{Heap before GC invocations=53 (full 0):
 garbage-first heap   total 177152K, used 102897K [0x0000000080000000, 0x0000000100000000)
  region size 1024K, 8 young (8192K), 6 survivors (6144K)
 Metaspace       used 99422K, committed 100096K, reserved 1138688K
  class space    used 13782K, committed 14080K, reserved 1048576K
}
Event: 13.529 GC heap after
{Heap after GC invocations=54 (full 0):
 garbage-first heap   total 177152K, used 102344K [0x0000000080000000, 0x0000000100000000)
  region size 1024K, 1 young (1024K), 1 survivors (1024K)
 Metaspace       used 99422K, committed 100096K, reserved 1138688K
  class space    used 13782K, committed 14080K, reserved 1048576K
}
Event: 13.810 GC heap before
{Heap before GC invocations=54 (full 0):
 garbage-first heap   total 177152K, used 143304K [0x0000000080000000, 0x0000000100000000)
  region size 1024K, 42 young (43008K), 1 survivors (1024K)
 Metaspace       used 99873K, committed 100608K, reserved 1138688K
  class space    used 13827K, committed 14208K, reserved 1048576K
}
Event: 13.813 GC heap after
{Heap after GC invocations=55 (full 0):
 garbage-first heap   total 177152K, used 104518K [0x0000000080000000, 0x0000000100000000)
  region size 1024K, 4 young (4096K), 4 survivors (4096K)
 Metaspace       used 99873K, committed 100608K, reserved 1138688K
  class space    used 13827K, committed 14208K, reserved 1048576K
}
Event: 14.262 GC heap before
{Heap before GC invocations=56 (full 0):
 garbage-first heap   total 183296K, used 144454K [0x0000000080000000, 0x0000000100000000)
  region size 1024K, 44 young (45056K), 4 survivors (4096K)
 Metaspace       used 100229K, committed 100992K, reserved 1138688K
  class space    used 13835K, committed 14208K, reserved 1048576K
}
Event: 14.267 GC heap after
{Heap after GC invocations=57 (full 0):
 garbage-first heap   total 183296K, used 107266K [0x0000000080000000, 0x0000000100000000)
  region size 1024K, 6 young (6144K), 6 survivors (6144K)
 Metaspace       used 100229K, committed 100992K, reserved 1138688K
  class space    used 13835K, committed 14208K, reserved 1048576K
}
Event: 14.305 GC heap before
{Heap before GC invocations=57 (full 0):
 garbage-first heap   total 183296K, used 109314K [0x0000000080000000, 0x0000000100000000)
  region size 1024K, 8 young (8192K), 6 survivors (6144K)
 Metaspace       used 100291K, committed 101056K, reserved 1138688K
  class space    used 13839K, committed 14208K, reserved 1048576K
}

