# JRE version: OpenJDK Runtime Environment (17.0.6) (build 17.0.6+0-b2043.56-9586694)
# Java VM: OpenJDK 64-Bit Server VM (17.0.6+0-b2043.56-9586694, mixed mode, tiered, compressed oops, compressed class ptrs, g1 gc, windows-amd64)
GC Precious Log:
 CPUs: 16 total, 16 available
 Memory: 15610M
 Large Page Support: Disabled
 NUMA Support: Disabled
 Compressed Oops: Enabled (32-bit)
 Heap Region Size: 1M
 Heap Min Capacity: 8M
 Heap Initial Capacity: 244M
 Heap Max Capacity: 2G
 Pre-touch: Disabled
 Parallel Workers: 13
 Concurrent Workers: 3
 Concurrent Refinement Workers: 13
 Periodic GC: Disabled
Heap:
 garbage-first heap   total 336896K, used 272626K [0x0000000080000000, 0x0000000100000000)
  region size 1024K, 80 young (81920K), 3 survivors (3072K)
 Metaspace       used 135376K, committed 136256K, reserved 1171456K
  class space    used 18622K, committed 19072K, reserved 1048576K
GC Heap History (20 events):
Event: 16.421 GC heap before
{Heap before GC invocations=64 (full 0):
 garbage-first heap   total 165888K, used 140276K [0x0000000080000000, 0x0000000100000000)
  region size 1024K, 15 young (15360K), 1 survivors (1024K)
 Metaspace       used 111345K, committed 112128K, reserved 1146880K
  class space    used 15213K, committed 15616K, reserved 1048576K
}
Event: 16.423 GC heap after
{Heap after GC invocations=65 (full 0):
 garbage-first heap   total 199680K, used 127739K [0x0000000080000000, 0x0000000100000000)
  region size 1024K, 2 young (2048K), 2 survivors (2048K)
 Metaspace       used 111345K, committed 112128K, reserved 1146880K
  class space    used 15213K, committed 15616K, reserved 1048576K
}
Event: 17.030 GC heap before
{Heap before GC invocations=65 (full 0):
 garbage-first heap   total 199680K, used 162555K [0x0000000080000000, 0x0000000100000000)
  region size 1024K, 37 young (37888K), 2 survivors (2048K)
 Metaspace       used 116155K, committed 116928K, reserved 1155072K
  class space    used 15901K, committed 16256K, reserved 1048576K
}
Event: 17.033 GC heap after
{Heap after GC invocations=66 (full 0):
 garbage-first heap   total 199680K, used 129687K [0x0000000080000000, 0x0000000100000000)
  region size 1024K, 4 young (4096K), 4 survivors (4096K)
 Metaspace       used 116155K, committed 116928K, reserved 1155072K
  class space    used 15901K, committed 16256K, reserved 1048576K
}
Event: 17.550 GC heap before
{Heap before GC invocations=66 (full 0):
 garbage-first heap   total 199680K, used 164503K [0x0000000080000000, 0x0000000100000000)
  region size 1024K, 39 young (39936K), 4 survivors (4096K)
 Metaspace       used 123880K, committed 124672K, reserved 1163264K
  class space    used 17173K, committed 17536K, reserved 1048576K
}
Event: 17.554 GC heap after
{Heap after GC invocations=67 (full 0):
 garbage-first heap   total 199680K, used 132710K [0x0000000080000000, 0x0000000100000000)
  region size 1024K, 5 young (5120K), 5 survivors (5120K)
 Metaspace       used 123880K, committed 124672K, reserved 1163264K
  class space    used 17173K, committed 17536K, reserved 1048576K
}
Event: 18.126 GC heap before
{Heap before GC invocations=67 (full 0):
 garbage-first heap   total 199680K, used 166502K [0x0000000080000000, 0x0000000100000000)
  region size 1024K, 39 young (39936K), 5 survivors (5120K)
 Metaspace       used 128616K, committed 129408K, reserved 1163264K
  class space    used 17947K, committed 18304K, reserved 1048576K
}
Event: 18.131 GC heap after
{Heap after GC invocations=68 (full 0):
 garbage-first heap   total 199680K, used 131869K [0x0000000080000000, 0x0000000100000000)
  region size 1024K, 2 young (2048K), 2 survivors (2048K)
 Metaspace       used 128616K, committed 129408K, reserved 1163264K
  class space    used 17947K, committed 18304K, reserved 1048576K
}
Event: 18.609 GC heap before
{Heap before GC invocations=68 (full 0):
 garbage-first heap   total 199680K, used 166685K [0x0000000080000000, 0x0000000100000000)
  region size 1024K, 37 young (37888K), 2 survivors (2048K)
 Metaspace       used 130973K, committed 131776K, reserved 1163264K
  class space    used 18208K, committed 18560K, reserved 1048576K
}
Event: 18.612 GC heap after
{Heap after GC invocations=69 (full 0):
 garbage-first heap   total 199680K, used 133916K [0x0000000080000000, 0x0000000100000000)
  region size 1024K, 4 young (4096K), 4 survivors (4096K)
 Metaspace       used 130973K, committed 131776K, reserved 1163264K
  class space    used 18208K, committed 18560K, reserved 1048576K
}
Event: 18.933 GC heap before
{Heap before GC invocations=69 (full 0):
 garbage-first heap   total 199680K, used 158492K [0x0000000080000000, 0x0000000100000000)
  region size 1024K, 18 young (18432K), 4 survivors (4096K)
 Metaspace       used 132832K, committed 133696K, reserved 1171456K
  class space    used 18446K, committed 18880K, reserved 1048576K
}
Event: 18.937 GC heap after
{Heap after GC invocations=70 (full 0):
 garbage-first heap   total 199680K, used 147854K [0x0000000080000000, 0x0000000100000000)
  region size 1024K, 5 young (5120K), 5 survivors (5120K)
 Metaspace       used 132832K, committed 133696K, reserved 1171456K
  class space    used 18446K, committed 18880K, reserved 1048576K
}
Event: 64.482 GC heap before
{Heap before GC invocations=71 (full 0):
 garbage-first heap   total 319488K, used 199054K [0x0000000080000000, 0x0000000100000000)
  region size 1024K, 17 young (17408K), 5 survivors (5120K)
 Metaspace       used 133430K, committed 134272K, reserved 1171456K
  class space    used 18550K, committed 18944K, reserved 1048576K
}
Event: 64.485 GC heap after
{Heap after GC invocations=72 (full 0):
 garbage-first heap   total 319488K, used 136029K [0x0000000080000000, 0x0000000100000000)
  region size 1024K, 3 young (3072K), 3 survivors (3072K)
 Metaspace       used 133430K, committed 134272K, reserved 1171456K
  class space    used 18550K, committed 18944K, reserved 1048576K
}
Event: 64.630 GC heap before
{Heap before GC invocations=72 (full 0):
 garbage-first heap   total 319488K, used 147293K [0x0000000080000000, 0x0000000100000000)
  region size 1024K, 15 young (15360K), 3 survivors (3072K)
 Metaspace       used 133503K, committed 134336K, reserved 1171456K
  class space    used 18551K, committed 18944K, reserved 1048576K
}
Event: 64.634 GC heap after
{Heap after GC invocations=73 (full 0):
 garbage-first heap   total 319488K, used 134787K [0x0000000080000000, 0x0000000100000000)
  region size 1024K, 2 young (2048K), 2 survivors (2048K)
 Metaspace       used 133503K, committed 134336K, reserved 1171456K
  class space    used 18551K, committed 18944K, reserved 1048576K
}
Event: 66.248 GC heap before
{Heap before GC invocations=73 (full 0):
 garbage-first heap   total 319488K, used 254595K [0x0000000080000000, 0x0000000100000000)
  region size 1024K, 118 young (120832K), 2 survivors (2048K)
 Metaspace       used 134580K, committed 135552K, reserved 1171456K
  class space    used 18596K, committed 19072K, reserved 1048576K
}
Event: 66.258 GC heap after
{Heap after GC invocations=74 (full 0):
 garbage-first heap   total 319488K, used 147937K [0x0000000080000000, 0x0000000100000000)
  region size 1024K, 13 young (13312K), 13 survivors (13312K)
 Metaspace       used 134580K, committed 135552K, reserved 1171456K
  class space    used 18596K, committed 19072K, reserved 1048576K
}
Event: 66.525 GC heap before
{Heap before GC invocations=74 (full 0):
 garbage-first heap   total 319488K, used 163297K [0x0000000080000000, 0x0000000100000000)
  region size 1024K, 30 young (30720K), 13 survivors (13312K)
 Metaspace       used 134834K, committed 135808K, reserved 1171456K
  class space    used 18602K, committed 19072K, reserved 1048576K
}
Event: 66.530 GC heap after
{Heap after GC invocations=75 (full 0):
 garbage-first heap   total 319488K, used 146674K [0x0000000080000000, 0x0000000100000000)
  region size 1024K, 3 young (3072K), 3 survivors (3072K)
 Metaspace       used 134834K, committed 135808K, reserved 1171456K
  class space    used 18602K, committed 19072K, reserved 1048576K
}

